  leptjson.cpp
g:\项目\json\json\json\leptjson.cpp : warning C4828: 文件包含在偏移 0xe4 处开始的字符，该字符在当前源字符集中无效(代码页 65001)。
g:\项目\json\json\json\leptjson.cpp : warning C4828: 文件包含在偏移 0xe6 处开始的字符，该字符在当前源字符集中无效(代码页 65001)。
g:\项目\json\json\json\leptjson.cpp : warning C4828: 文件包含在偏移 0xe7 处开始的字符，该字符在当前源字符集中无效(代码页 65001)。
g:\项目\json\json\json\leptjson.cpp : warning C4828: 文件包含在偏移 0xea 处开始的字符，该字符在当前源字符集中无效(代码页 65001)。
g:\项目\json\json\json\leptjson.cpp : warning C4828: 文件包含在偏移 0xee 处开始的字符，该字符在当前源字符集中无效(代码页 65001)。
g:\项目\json\json\json\leptjson.cpp : warning C4828: 文件包含在偏移 0x45e 处开始的字符，该字符在当前源字符集中无效(代码页 65001)。
g:\项目\json\json\json\leptjson.cpp : warning C4828: 文件包含在偏移 0x460 处开始的字符，该字符在当前源字符集中无效(代码页 65001)。
g:\项目\json\json\json\leptjson.cpp : warning C4828: 文件包含在偏移 0x461 处开始的字符，该字符在当前源字符集中无效(代码页 65001)。
g:\项目\json\json\json\leptjson.cpp : warning C4828: 文件包含在偏移 0x462 处开始的字符，该字符在当前源字符集中无效(代码页 65001)。
g:\项目\json\json\json\leptjson.cpp : warning C4828: 文件包含在偏移 0x465 处开始的字符，该字符在当前源字符集中无效(代码页 65001)。
g:\项目\json\json\json\leptjson.cpp : warning C4828: 文件包含在偏移 0x846 处开始的字符，该字符在当前源字符集中无效(代码页 65001)。
g:\项目\json\json\json\leptjson.cpp : warning C4828: 文件包含在偏移 0x848 处开始的字符，该字符在当前源字符集中无效(代码页 65001)。
g:\项目\json\json\json\leptjson.cpp : warning C4828: 文件包含在偏移 0x8aa 处开始的字符，该字符在当前源字符集中无效(代码页 65001)。
g:\项目\json\json\json\leptjson.cpp : warning C4828: 文件包含在偏移 0x8ac 处开始的字符，该字符在当前源字符集中无效(代码页 65001)。
g:\项目\json\json\json\leptjson.cpp : warning C4828: 文件包含在偏移 0x8ad 处开始的字符，该字符在当前源字符集中无效(代码页 65001)。
g:\项目\json\json\json\leptjson.cpp : warning C4828: 文件包含在偏移 0x8b1 处开始的字符，该字符在当前源字符集中无效(代码页 65001)。
g:\项目\json\json\json\leptjson.cpp : warning C4828: 文件包含在偏移 0x8b8 处开始的字符，该字符在当前源字符集中无效(代码页 65001)。
g:\项目\json\json\json\leptjson.cpp : warning C4828: 文件包含在偏移 0x8b9 处开始的字符，该字符在当前源字符集中无效(代码页 65001)。
g:\项目\json\json\json\leptjson.cpp : warning C4828: 文件包含在偏移 0x8bd 处开始的字符，该字符在当前源字符集中无效(代码页 65001)。
g:\项目\json\json\json\leptjson.cpp : warning C4828: 文件包含在偏移 0x8bf 处开始的字符，该字符在当前源字符集中无效(代码页 65001)。
g:\项目\json\json\json\leptjson.cpp : warning C4828: 文件包含在偏移 0x8c0 处开始的字符，该字符在当前源字符集中无效(代码页 65001)。
g:\项目\json\json\json\leptjson.cpp : warning C4828: 文件包含在偏移 0xb31 处开始的字符，该字符在当前源字符集中无效(代码页 65001)。
g:\项目\json\json\json\leptjson.cpp : warning C4828: 文件包含在偏移 0xb33 处开始的字符，该字符在当前源字符集中无效(代码页 65001)。
g:\项目\json\json\json\leptjson.cpp : warning C4828: 文件包含在偏移 0xb34 处开始的字符，该字符在当前源字符集中无效(代码页 65001)。
g:\项目\json\json\json\leptjson.cpp : warning C4828: 文件包含在偏移 0xb35 处开始的字符，该字符在当前源字符集中无效(代码页 65001)。
g:\项目\json\json\json\leptjson.cpp : warning C4828: 文件包含在偏移 0xb3a 处开始的字符，该字符在当前源字符集中无效(代码页 65001)。
g:\项目\json\json\json\leptjson.cpp : warning C4828: 文件包含在偏移 0xb3b 处开始的字符，该字符在当前源字符集中无效(代码页 65001)。
g:\项目\json\json\json\leptjson.cpp : warning C4828: 文件包含在偏移 0xb3f 处开始的字符，该字符在当前源字符集中无效(代码页 65001)。
g:\项目\json\json\json\leptjson.cpp : warning C4828: 文件包含在偏移 0xb40 处开始的字符，该字符在当前源字符集中无效(代码页 65001)。
g:\项目\json\json\json\leptjson.cpp : warning C4828: 文件包含在偏移 0xb41 处开始的字符，该字符在当前源字符集中无效(代码页 65001)。
g:\项目\json\json\json\leptjson.cpp : warning C4828: 文件包含在偏移 0xb43 处开始的字符，该字符在当前源字符集中无效(代码页 65001)。
g:\项目\json\json\json\leptjson.cpp : warning C4828: 文件包含在偏移 0x20e0 处开始的字符，该字符在当前源字符集中无效(代码页 65001)。
g:\项目\json\json\json\leptjson.cpp : warning C4828: 文件包含在偏移 0x20e2 处开始的字符，该字符在当前源字符集中无效(代码页 65001)。
g:\项目\json\json\json\leptjson.cpp : warning C4828: 文件包含在偏移 0x20e3 处开始的字符，该字符在当前源字符集中无效(代码页 65001)。
g:\项目\json\json\json\leptjson.cpp : warning C4828: 文件包含在偏移 0x20e5 处开始的字符，该字符在当前源字符集中无效(代码页 65001)。
g:\项目\json\json\json\leptjson.cpp : warning C4828: 文件包含在偏移 0x20e6 处开始的字符，该字符在当前源字符集中无效(代码页 65001)。
g:\项目\json\json\json\leptjson.cpp : warning C4828: 文件包含在偏移 0x20e7 处开始的字符，该字符在当前源字符集中无效(代码页 65001)。
g:\项目\json\json\json\leptjson.cpp : warning C4828: 文件包含在偏移 0x20e9 处开始的字符，该字符在当前源字符集中无效(代码页 65001)。
g:\项目\json\json\json\leptjson.cpp : warning C4828: 文件包含在偏移 0x22ae 处开始的字符，该字符在当前源字符集中无效(代码页 65001)。
g:\项目\json\json\json\leptjson.cpp : warning C4828: 文件包含在偏移 0x22af 处开始的字符，该字符在当前源字符集中无效(代码页 65001)。
g:\项目\json\json\json\leptjson.cpp : warning C4828: 文件包含在偏移 0x22b6 处开始的字符，该字符在当前源字符集中无效(代码页 65001)。
g:\项目\json\json\json\leptjson.cpp : warning C4828: 文件包含在偏移 0x22b7 处开始的字符，该字符在当前源字符集中无效(代码页 65001)。
g:\项目\json\json\json\leptjson.cpp : warning C4828: 文件包含在偏移 0x2515 处开始的字符，该字符在当前源字符集中无效(代码页 65001)。
g:\项目\json\json\json\leptjson.cpp : warning C4828: 文件包含在偏移 0x2516 处开始的字符，该字符在当前源字符集中无效(代码页 65001)。
g:\项目\json\json\json\leptjson.cpp : warning C4828: 文件包含在偏移 0x2517 处开始的字符，该字符在当前源字符集中无效(代码页 65001)。
g:\项目\json\json\json\leptjson.cpp : warning C4828: 文件包含在偏移 0x2518 处开始的字符，该字符在当前源字符集中无效(代码页 65001)。
g:\项目\json\json\json\leptjson.cpp : warning C4828: 文件包含在偏移 0x251d 处开始的字符，该字符在当前源字符集中无效(代码页 65001)。
g:\项目\json\json\json\leptjson.cpp : warning C4828: 文件包含在偏移 0x251e 处开始的字符，该字符在当前源字符集中无效(代码页 65001)。
g:\项目\json\json\json\leptjson.h(2): warning C4067: 预处理器指令后有意外标记 - 应输入换行符
  json.vcxproj -> G:\项目\json\json\Debug\json.exe
